\BOOKMARK [1][-]{section.1}{\376\377\000I\000n\000t\000r\000o\000d\000u\000c\000t\000i\000o\000n}{}% 1
\BOOKMARK [1][-]{section.2}{\376\377\000P\000r\000o\000b\000l\000e\000m\000\040\000L\000a\000n\000d\000s\000c\000a\000p\000e\000\040\000a\000n\000d\000\040\000G\000a\000p\000\040\000A\000n\000a\000l\000y\000s\000i\000s}{}% 2
\BOOKMARK [1][-]{section.3}{\376\377\000S\000y\000s\000t\000e\000m\000\040\000A\000r\000c\000h\000i\000t\000e\000c\000t\000u\000r\000e\000\040\000a\000n\000d\000\040\000D\000e\000s\000i\000g\000n}{}% 3
\BOOKMARK [2][-]{subsection.3.1}{\376\377\000C\000o\000r\000e\000\040\000w\000o\000r\000k\000f\000l\000o\000w}{section.3}% 4
\BOOKMARK [2][-]{subsection.3.2}{\376\377\000D\000e\000s\000i\000g\000n\000\040\000m\000e\000t\000h\000o\000d\000o\000l\000o\000g\000y}{section.3}% 5
\BOOKMARK [2][-]{subsection.3.3}{\376\377\000D\000a\000t\000a\000\040\000a\000n\000d\000\040\000g\000o\000v\000e\000r\000n\000a\000n\000c\000e\000\040\000m\000o\000d\000e\000l}{section.3}% 6
\BOOKMARK [1][-]{section.4}{\376\377\000P\000l\000a\000t\000f\000o\000r\000m\000\040\000F\000e\000a\000t\000u\000r\000e\000s\000\040\000a\000n\000d\000\040\000N\000o\000v\000e\000l\000\040\000C\000o\000n\000t\000r\000i\000b\000u\000t\000i\000o\000n\000s}{}% 7
\BOOKMARK [2][-]{subsection.4.1}{\376\377\000T\000e\000a\000c\000h\000e\000r\000\040\000c\000a\000p\000a\000b\000i\000l\000i\000t\000i\000e\000s}{section.4}% 8
\BOOKMARK [2][-]{subsection.4.2}{\376\377\000S\000t\000u\000d\000e\000n\000t\000\040\000c\000a\000p\000a\000b\000i\000l\000i\000t\000i\000e\000s}{section.4}% 9
\BOOKMARK [2][-]{subsection.4.3}{\376\377\000N\000o\000v\000e\000l\000t\000y\000\040\000p\000o\000i\000n\000t\000s}{section.4}% 10
\BOOKMARK [2][-]{subsection.4.4}{\376\377\000W\000h\000y\000\040\000t\000h\000i\000s\000\040\000i\000s\000\040\000p\000r\000a\000c\000t\000i\000c\000a\000l\000l\000y\000\040\000n\000o\000v\000e\000l}{section.4}% 11
\BOOKMARK [1][-]{section.5}{\376\377\000I\000m\000p\000l\000e\000m\000e\000n\000t\000a\000t\000i\000o\000n\000\040\000M\000e\000t\000h\000o\000d\000o\000l\000o\000g\000y}{}% 12
\BOOKMARK [2][-]{subsection.5.1}{\376\377\000D\000e\000v\000e\000l\000o\000p\000m\000e\000n\000t\000\040\000f\000l\000o\000w}{section.5}% 13
\BOOKMARK [2][-]{subsection.5.2}{\376\377\000W\000h\000y\000\040\000t\000h\000i\000s\000\040\000m\000e\000t\000h\000o\000d\000o\000l\000o\000g\000y\000\040\000f\000i\000t\000\040\000t\000h\000e\000\040\000p\000r\000o\000j\000e\000c\000t}{section.5}% 14
\BOOKMARK [1][-]{section.6}{\376\377\000M\000o\000d\000u\000l\000e\000-\000L\000e\000v\000e\000l\000\040\000O\000p\000e\000r\000a\000t\000i\000o\000n\000a\000l\000\040\000S\000c\000e\000n\000a\000r\000i\000o\000s}{}% 15
\BOOKMARK [2][-]{subsection.6.1}{\376\377\000S\000c\000e\000n\000a\000r\000i\000o\000\040\000A\000:\000\040\000D\000e\000p\000a\000r\000t\000m\000e\000n\000t\000-\000s\000p\000e\000c\000i\000f\000i\000c\000\040\000s\000c\000h\000e\000d\000u\000l\000e\000\040\000p\000u\000b\000l\000i\000s\000h\000i\000n\000g}{section.6}% 16
\BOOKMARK [2][-]{subsection.6.2}{\376\377\000S\000c\000e\000n\000a\000r\000i\000o\000\040\000B\000:\000\040\000E\000v\000e\000n\000t\000\040\000l\000i\000f\000e\000c\000y\000c\000l\000e\000\040\000w\000i\000t\000h\000\040\000c\000o\000n\000t\000r\000o\000l\000l\000e\000d\000\040\000v\000i\000s\000i\000b\000i\000l\000i\000t\000y}{section.6}% 17
\BOOKMARK [2][-]{subsection.6.3}{\376\377\000S\000c\000e\000n\000a\000r\000i\000o\000\040\000C\000:\000\040\000A\000t\000t\000e\000n\000d\000a\000n\000c\000e\000\040\000s\000e\000s\000s\000i\000o\000n\000\040\000w\000o\000r\000k\000f\000l\000o\000w}{section.6}% 18
\BOOKMARK [2][-]{subsection.6.4}{\376\377\000S\000c\000e\000n\000a\000r\000i\000o\000\040\000D\000:\000\040\000D\000a\000i\000l\000y\000\040\000m\000o\000b\000i\000l\000i\000t\000y\000\040\000a\000n\000d\000\040\000c\000o\000n\000g\000e\000s\000t\000i\000o\000n\000\040\000d\000e\000c\000i\000s\000i\000o\000n\000s}{section.6}% 19
\BOOKMARK [1][-]{section.7}{\376\377\000U\000s\000e\000r\000\040\000E\000x\000p\000e\000r\000i\000e\000n\000c\000e\000\040\000E\000n\000g\000i\000n\000e\000e\000r\000i\000n\000g\000\040\000D\000e\000c\000i\000s\000i\000o\000n\000s}{}% 20
\BOOKMARK [2][-]{subsection.7.1}{\376\377\000I\000n\000f\000o\000r\000m\000a\000t\000i\000o\000n\000\040\000h\000i\000e\000r\000a\000r\000c\000h\000y}{section.7}% 21
\BOOKMARK [2][-]{subsection.7.2}{\376\377\000R\000o\000l\000e\000-\000s\000e\000n\000s\000i\000t\000i\000v\000e\000\040\000n\000a\000v\000i\000g\000a\000t\000i\000o\000n}{section.7}% 22
\BOOKMARK [2][-]{subsection.7.3}{\376\377\000F\000e\000e\000d\000b\000a\000c\000k\000\040\000l\000o\000o\000p\000s}{section.7}% 23
\BOOKMARK [1][-]{section.8}{\376\377\000O\000p\000e\000r\000a\000t\000i\000o\000n\000a\000l\000\040\000G\000o\000v\000e\000r\000n\000a\000n\000c\000e\000\040\000a\000n\000d\000\040\000P\000o\000l\000i\000c\000y\000\040\000A\000l\000i\000g\000n\000m\000e\000n\000t}{}% 24
\BOOKMARK [2][-]{subsection.8.1}{\376\377\000G\000o\000v\000e\000r\000n\000a\000n\000c\000e\000\040\000p\000r\000i\000n\000c\000i\000p\000l\000e\000s\000\040\000i\000m\000p\000l\000e\000m\000e\000n\000t\000e\000d}{section.8}% 25
\BOOKMARK [2][-]{subsection.8.2}{\376\377\000A\000d\000m\000i\000n\000i\000s\000t\000r\000a\000t\000i\000v\000e\000\040\000i\000m\000p\000l\000i\000c\000a\000t\000i\000o\000n\000s}{section.8}% 26
\BOOKMARK [1][-]{section.9}{\376\377\000D\000e\000p\000l\000o\000y\000m\000e\000n\000t\000\040\000A\000r\000c\000h\000i\000t\000e\000c\000t\000u\000r\000e\000\040\000a\000n\000d\000\040\000O\000p\000e\000r\000a\000t\000i\000o\000n\000s}{}% 27
\BOOKMARK [2][-]{subsection.9.1}{\376\377\000E\000n\000v\000i\000r\000o\000n\000m\000e\000n\000t\000\040\000a\000r\000c\000h\000i\000t\000e\000c\000t\000u\000r\000e}{section.9}% 28
\BOOKMARK [2][-]{subsection.9.2}{\376\377\000O\000p\000e\000r\000a\000t\000i\000o\000n\000a\000l\000\040\000s\000a\000f\000e\000g\000u\000a\000r\000d\000s}{section.9}% 29
\BOOKMARK [2][-]{subsection.9.3}{\376\377\000M\000a\000i\000n\000t\000a\000i\000n\000a\000b\000i\000l\000i\000t\000y\000\040\000p\000o\000s\000t\000u\000r\000e}{section.9}% 30
\BOOKMARK [1][-]{section.10}{\376\377\000T\000e\000c\000h\000n\000o\000l\000o\000g\000y\000\040\000S\000t\000a\000c\000k}{}% 31
\BOOKMARK [1][-]{section.11}{\376\377\000I\000m\000p\000l\000e\000m\000e\000n\000t\000a\000t\000i\000o\000n\000\040\000Q\000u\000a\000l\000i\000t\000y\000\040\000a\000n\000d\000\040\000S\000e\000c\000u\000r\000i\000t\000y\000\040\000P\000o\000s\000t\000u\000r\000e}{}% 32
\BOOKMARK [1][-]{section.12}{\376\377\000P\000e\000r\000f\000o\000r\000m\000a\000n\000c\000e\000\040\000a\000n\000d\000\040\000U\000s\000a\000g\000e\000\040\000V\000i\000s\000u\000a\000l\000i\000z\000a\000t\000i\000o\000n}{}% 33
\BOOKMARK [2][-]{subsection.12.1}{\376\377\000D\000i\000r\000e\000c\000t\000i\000o\000n\000a\000l\000\040\000i\000m\000p\000r\000o\000v\000e\000m\000e\000n\000t\000\040\000p\000r\000o\000f\000i\000l\000e}{section.12}% 34
\BOOKMARK [2][-]{subsection.12.2}{\376\377\000M\000o\000d\000u\000l\000e\000\040\000a\000d\000o\000p\000t\000i\000o\000n\000\040\000p\000r\000o\000f\000i\000l\000e}{section.12}% 35
\BOOKMARK [2][-]{subsection.12.3}{\376\377\000R\000e\000q\000u\000e\000s\000t\000\040\000l\000a\000t\000e\000n\000c\000y\000\040\000b\000e\000h\000a\000v\000i\000o\000r}{section.12}% 36
\BOOKMARK [1][-]{section.13}{\376\377\000I\000n\000t\000e\000r\000f\000a\000c\000e\000\040\000S\000n\000a\000p\000s\000h\000o\000t\000s}{}% 37
\BOOKMARK [1][-]{section.14}{\376\377\000E\000v\000a\000l\000u\000a\000t\000i\000o\000n\000\040\000a\000n\000d\000\040\000D\000e\000p\000l\000o\000y\000m\000e\000n\000t\000\040\000O\000u\000t\000c\000o\000m\000e\000s}{}% 38
\BOOKMARK [2][-]{subsection.14.1}{\376\377\000D\000e\000p\000l\000o\000y\000m\000e\000n\000t\000\040\000e\000v\000i\000d\000e\000n\000c\000e}{section.14}% 39
\BOOKMARK [2][-]{subsection.14.2}{\376\377\000O\000b\000s\000e\000r\000v\000e\000d\000\040\000f\000u\000n\000c\000t\000i\000o\000n\000a\000l\000\040\000o\000u\000t\000c\000o\000m\000e\000s}{section.14}% 40
\BOOKMARK [2][-]{subsection.14.3}{\376\377\000I\000n\000t\000e\000r\000p\000r\000e\000t\000a\000t\000i\000o\000n\000\040\000o\000f\000\040\000o\000u\000t\000c\000o\000m\000e\000s}{section.14}% 41
\BOOKMARK [1][-]{section.15}{\376\377\000C\000o\000m\000p\000a\000r\000a\000t\000i\000v\000e\000\040\000O\000p\000e\000r\000a\000t\000i\000o\000n\000a\000l\000\040\000A\000n\000a\000l\000y\000s\000i\000s}{}% 42
\BOOKMARK [2][-]{subsection.15.1}{\376\377\000C\000o\000m\000m\000u\000n\000i\000c\000a\000t\000i\000o\000n\000\040\000r\000e\000l\000i\000a\000b\000i\000l\000i\000t\000y}{section.15}% 43
\BOOKMARK [2][-]{subsection.15.2}{\376\377\000A\000c\000a\000d\000e\000m\000i\000c\000\040\000e\000x\000e\000c\000u\000t\000i\000o\000n\000\040\000c\000o\000n\000t\000i\000n\000u\000i\000t\000y}{section.15}% 44
\BOOKMARK [2][-]{subsection.15.3}{\376\377\000M\000o\000b\000i\000l\000i\000t\000y\000\040\000a\000n\000d\000\040\000c\000a\000m\000p\000u\000s\000-\000l\000i\000f\000e\000\040\000i\000n\000t\000e\000g\000r\000a\000t\000i\000o\000n}{section.15}% 45
\BOOKMARK [1][-]{section.16}{\376\377\000S\000t\000a\000k\000e\000h\000o\000l\000d\000e\000r\000\040\000I\000m\000p\000a\000c\000t\000\040\000A\000s\000s\000e\000s\000s\000m\000e\000n\000t}{}% 46
\BOOKMARK [2][-]{subsection.16.1}{\376\377\000S\000t\000u\000d\000e\000n\000t\000\040\000p\000e\000r\000s\000p\000e\000c\000t\000i\000v\000e}{section.16}% 47
\BOOKMARK [2][-]{subsection.16.2}{\376\377\000T\000e\000a\000c\000h\000e\000r\000\040\000p\000e\000r\000s\000p\000e\000c\000t\000i\000v\000e}{section.16}% 48
\BOOKMARK [2][-]{subsection.16.3}{\376\377\000A\000d\000m\000i\000n\000i\000s\000t\000r\000a\000t\000o\000r\000\040\000p\000e\000r\000s\000p\000e\000c\000t\000i\000v\000e}{section.16}% 49
\BOOKMARK [2][-]{subsection.16.4}{\376\377\000I\000n\000s\000t\000i\000t\000u\000t\000i\000o\000n\000a\000l\000\040\000p\000e\000r\000s\000p\000e\000c\000t\000i\000v\000e}{section.16}% 50
\BOOKMARK [1][-]{section.17}{\376\377\000A\000d\000o\000p\000t\000i\000o\000n\000\040\000a\000n\000d\000\040\000C\000h\000a\000n\000g\000e\000-\000M\000a\000n\000a\000g\000e\000m\000e\000n\000t\000\040\000S\000t\000r\000a\000t\000e\000g\000y}{}% 51
\BOOKMARK [2][-]{subsection.17.1}{\376\377\000R\000e\000c\000o\000m\000m\000e\000n\000d\000e\000d\000\040\000r\000o\000l\000l\000o\000u\000t\000\040\000s\000e\000q\000u\000e\000n\000c\000e}{section.17}% 52
\BOOKMARK [2][-]{subsection.17.2}{\376\377\000T\000r\000a\000i\000n\000i\000n\000g\000\040\000a\000n\000d\000\040\000o\000n\000b\000o\000a\000r\000d\000i\000n\000g\000\040\000a\000p\000p\000r\000o\000a\000c\000h}{section.17}% 53
\BOOKMARK [2][-]{subsection.17.3}{\376\377\000M\000e\000a\000s\000u\000r\000e\000m\000e\000n\000t\000\040\000s\000t\000r\000a\000t\000e\000g\000y}{section.17}% 54
\BOOKMARK [1][-]{section.18}{\376\377\000R\000o\000a\000d\000m\000a\000p\000\040\000a\000n\000d\000\040\000F\000u\000t\000u\000r\000e\000\040\000S\000c\000o\000p\000e}{}% 55
\BOOKMARK [1][-]{section.19}{\376\377\000D\000i\000s\000c\000u\000s\000s\000i\000o\000n}{}% 56
\BOOKMARK [1][-]{section.20}{\376\377\000L\000i\000m\000i\000t\000a\000t\000i\000o\000n\000s}{}% 57
\BOOKMARK [1][-]{section.21}{\376\377\000C\000o\000n\000c\000l\000u\000s\000i\000o\000n}{}% 58
\BOOKMARK [1][-]{section*.1}{\376\377\000R\000e\000f\000e\000r\000e\000n\000c\000e\000s}{}% 59
